<?xml version="1.0" encoding="UTF-8"?>
<!-- Generated by org.testng.reporters.JUnitReportReporter -->
<testsuite skipped="0" hostname="LAPTOP-QSGCCT8E" name="com.qa.crm.testcases.LoginpageTest" tests="3" failures="0" timestamp="02 Jan 2021 06:53:46 GMT" time="8.577" errors="0">
  <testcase name="loginPageUrlTest" time="0.007" classname="com.qa.crm.testcases.LoginpageTest"/>
  <testcase name="loginPageTitleTest" time="0.005" classname="com.qa.crm.testcases.LoginpageTest"/>
  <testcase name="loginFunctionalityTest" time="8.565" classname="com.qa.crm.testcases.LoginpageTest"/>
</testsuite> <!-- com.qa.crm.testcases.LoginpageTest -->
