<?xml version="1.0" encoding="UTF-8"?>
<!-- Generated by org.testng.reporters.JUnitReportReporter -->
<testsuite hostname="LAPTOP-QSGCCT8E" name="com.qa.crm.testcases.HomepageTest" tests="1" failures="0" timestamp="7 Jan 2021 09:48:29 GMT" time="0.087" errors="0">
  <testcase name="homePageUserLabelValidationTest" time="0.087" classname="com.qa.crm.testcases.HomepageTest"/>
</testsuite> <!-- com.qa.crm.testcases.HomepageTest -->
