<?xml version="1.0" encoding="UTF-8"?>
<!-- Generated by org.testng.reporters.JUnitReportReporter -->
<testsuite hostname="LAPTOP-QSGCCT8E" name="com.qa.crm.testcases.LoginpageTest" tests="1" failures="0" timestamp="7 Jan 2021 09:48:29 GMT" time="0.991" errors="0">
  <testcase name="signuppageTest" time="0.991" classname="com.qa.crm.testcases.LoginpageTest"/>
</testsuite> <!-- com.qa.crm.testcases.LoginpageTest -->
