<?xml version="1.0" encoding="UTF-8"?>
<!-- Generated by org.testng.reporters.JUnitReportReporter -->
<testsuite hostname="LAPTOP-QSGCCT8E" name="com.qa.crm.rough.Sample" tests="4" failures="0" timestamp="4 Jan 2021 15:48:11 GMT" time="69.771" errors="0">
  <testcase name="m2" time="16.911" classname="com.qa.crm.rough.Sample"/>
  <testcase name="m2" time="17.720" classname="com.qa.crm.rough.Sample"/>
  <testcase name="m1" time="18.089" classname="com.qa.crm.rough.Sample"/>
  <testcase name="m1" time="17.051" classname="com.qa.crm.rough.Sample"/>
</testsuite> <!-- com.qa.crm.rough.Sample -->
